<testsuites id="" name="" tests="1" failures="1" skipped="0" errors="0" time="6.915115000000001">
<testsuite name="transaction-import-simple.spec.ts" timestamp="2025-07-02T04:22:50.742Z" hostname="chromium" tests="1" failures="1" skipped="0" time="6.173" errors="0">
<testcase name="Transaction Import E2E › Complete transaction import workflow" classname="transaction-import-simple.spec.ts" time="6.173">
<failure message="transaction-import-simple.spec.ts:24:3 Complete transaction import workflow" type="FAILURE">
<![CDATA[  [chromium] › transaction-import-simple.spec.ts:24:3 › Transaction Import E2E › Complete transaction import workflow 

    Error: locator.click: Error: strict mode violation: locator('button:has-text("Add Bank Account")') resolved to 2 elements:
        1) <button data-lov-name="Button" data-component-line="110" data-component-name="Button" data-component-file="BankAccounts.tsx" data-lov-id="src/pages/BankAccounts.tsx:110:10" data-component-path="src/pages/BankAccounts.tsx" data-component-content="%7B%22text%22%3A%22Add%20Bank%20Account%22%2C%22className%22%3A%22gap-2%22%7D" class="inline-flex items-center justify-center whitespace-nowrap rounded-md text-sm font-medium ring-offset-background transition-colors focus-visible:outline-none focus-visible:rin…>…</button> aka getByRole('button', { name: 'Add Bank Account' }).first()
        2) <button data-lov-name="Button" data-component-line="126" data-component-name="Button" data-component-file="BankAccounts.tsx" data-lov-id="src/pages/BankAccounts.tsx:126:14" data-component-path="src/pages/BankAccounts.tsx" data-component-content="%7B%22text%22%3A%22Add%20Bank%20Account%22%2C%22className%22%3A%22gap-2%22%7D" class="inline-flex items-center justify-center whitespace-nowrap rounded-md text-sm font-medium ring-offset-background transition-colors focus-visible:outline-none focus-visible:rin…>…</button> aka getByRole('button', { name: 'Add Bank Account' }).nth(1)

    Call log:
      - waiting for locator('button:has-text("Add Bank Account")')


      38 |     // Step 3: Create a bank account if none exists
      39 |     const addAccountButton = page.locator('button:has-text("Add Bank Account")');
    > 40 |     await addAccountButton.click();
         |                            ^
      41 |     
      42 |     // Fill bank account form
      43 |     await page.fill('input[placeholder*="My Checking Account"]', 'E2E Test Account');
        at /Users/jeevan.wijerathna/jeevan/projects/ledger-craft-app/tests/e2e/transaction-import-simple.spec.ts:40:28

    attachment #1: screenshot (image/png) ──────────────────────────────────────────────────────────
    test-results/transaction-import-simple--252b6-transaction-import-workflow-chromium/test-failed-1.png
    ────────────────────────────────────────────────────────────────────────────────────────────────

    attachment #2: video (video/webm) ──────────────────────────────────────────────────────────────
    test-results/transaction-import-simple--252b6-transaction-import-workflow-chromium/video.webm
    ────────────────────────────────────────────────────────────────────────────────────────────────

    Error Context: ../../test-results/transaction-import-simple--252b6-transaction-import-workflow-chromium/error-context.md
]]>
</failure>
<system-out>
<![CDATA[
[[ATTACHMENT|../test-results/transaction-import-simple--252b6-transaction-import-workflow-chromium/test-failed-1.png]]

[[ATTACHMENT|../test-results/transaction-import-simple--252b6-transaction-import-workflow-chromium/video.webm]]

[[ATTACHMENT|../test-results/transaction-import-simple--252b6-transaction-import-workflow-chromium/error-context.md]]
]]>
</system-out>
</testcase>
</testsuite>
</testsuites>