<testsuites id="" name="" tests="1" failures="1" skipped="0" errors="0" time="30.757711999999998">
<testsuite name="finance-workflow.spec.ts" timestamp="2025-06-30T08:04:09.022Z" hostname="chromium" tests="1" failures="1" skipped="0" time="30.11" errors="0">
<testcase name="Complete Finance Workflow Tests › Complete Invoice-to-Payment-to-Receipt Workflow" classname="finance-workflow.spec.ts" time="30.11">
<failure message="finance-workflow.spec.ts:448:3 Complete Invoice-to-Payment-to-Receipt Workflow" type="FAILURE">
<![CDATA[  [chromium] › finance-workflow.spec.ts:448:3 › Complete Finance Workflow Tests › Complete Invoice-to-Payment-to-Receipt Workflow 

    Test timeout of 30000ms exceeded while running "beforeEach" hook.

      428 |   };
      429 |
    > 430 |   test.beforeEach(async ({ page }) => {
          |        ^
      431 |     authMocker = new AuthMocker(page);
      432 |     financeHelper = new FinanceTestHelper(page);
      433 |     
        at /Users/jeevan.wijerathna/jeevan/projects/ledger-craft-app/tests/e2e/finance-workflow.spec.ts:430:8

    Error: page.waitForSelector: Test timeout of 30000ms exceeded.
    Call log:
      - waiting for locator('[data-testid="dashboard"]') to be visible


      443 |     // Navigate to dashboard
      444 |     await page.goto('/');
    > 445 |     await page.waitForSelector('[data-testid="dashboard"]');
          |                ^
      446 |   });
      447 |
      448 |   test('Complete Invoice-to-Payment-to-Receipt Workflow', async ({ page }) => {
        at /Users/jeevan.wijerathna/jeevan/projects/ledger-craft-app/tests/e2e/finance-workflow.spec.ts:445:16

    attachment #1: screenshot (image/png) ──────────────────────────────────────────────────────────
    test-results/finance-workflow-Complete--b3b4a-Payment-to-Receipt-Workflow-chromium/test-failed-1.png
    ────────────────────────────────────────────────────────────────────────────────────────────────

    attachment #2: video (video/webm) ──────────────────────────────────────────────────────────────
    test-results/finance-workflow-Complete--b3b4a-Payment-to-Receipt-Workflow-chromium/video.webm
    ────────────────────────────────────────────────────────────────────────────────────────────────

    Error Context: ../../test-results/finance-workflow-Complete--b3b4a-Payment-to-Receipt-Workflow-chromium/error-context.md
]]>
</failure>
<system-out>
<![CDATA[
[[ATTACHMENT|../test-results/finance-workflow-Complete--b3b4a-Payment-to-Receipt-Workflow-chromium/test-failed-1.png]]

[[ATTACHMENT|../test-results/finance-workflow-Complete--b3b4a-Payment-to-Receipt-Workflow-chromium/video.webm]]

[[ATTACHMENT|../test-results/finance-workflow-Complete--b3b4a-Payment-to-Receipt-Workflow-chromium/error-context.md]]
]]>
</system-out>
</testcase>
</testsuite>
</testsuites>